<?xml version="1.0" encoding="UTF-8"?>
<!-- Generated by org.testng.reporters.JUnitReportReporter -->
<testsuite hostname="ASIA31064" failures="0" tests="1" name="RestAPI.RestAPI2.GetUserRestAssured" time="2.455" errors="0" timestamp="2022-11-09T09:10:15 IST" skipped="0">
  <testcase classname="RestAPI.RestAPI2.GetUserRestAssured" name="getRequest" time="2.455"/>
  <system-out/>
</testsuite> <!-- RestAPI.RestAPI2.GetUserRestAssured -->
