<?xml version="1.0" encoding="UTF-8"?>
<!-- Generated by org.testng.reporters.JUnitReportReporter -->
<testsuite hostname="ASIA31064" failures="0" tests="3" name="RestAPI.RestAPI2.Log4jGetPost" time="3.712" errors="0" timestamp="2022-11-10T08:32:01 IST" skipped="0">
  <testcase classname="RestAPI.RestAPI2.Log4jGetPost" name="postData" time="0.298"/>
  <system-out/>
  <testcase classname="RestAPI.RestAPI2.Log4jGetPost" name="createUser" time="2.332"/>
  <system-out/>
  <testcase classname="RestAPI.RestAPI2.Log4jGetPost" name="getUser" time="1.082"/>
  <system-out/>
</testsuite> <!-- RestAPI.RestAPI2.Log4jGetPost -->
