<?xml version="1.0" encoding="UTF-8"?>
<!-- Generated by org.testng.reporters.JUnitReportReporter -->
<testsuite hostname="ASIA31064" failures="0" tests="2" name="RestAPI.RestAPI2.PostUsers" time="2.024" errors="0" timestamp="2022-11-10T08:30:56 IST" skipped="0">
  <testcase classname="RestAPI.RestAPI2.PostUsers" name="postData" time="0.287"/>
  <system-out/>
  <testcase classname="RestAPI.RestAPI2.PostUsers" name="userCreation" time="1.737"/>
  <system-out/>
</testsuite> <!-- RestAPI.RestAPI2.PostUsers -->
